<?xml version="1.0" encoding="utf-8"?><testsuites name="pytest tests"><testsuite name="pytest" errors="0" failures="0" skipped="0" tests="8" time="1.649" timestamp="2026-08-07T21:35:10.516049+00:00" hostname="agent-env-ec5df67e-2fd1-4a22-9fd2-b0efabcca2d4"><testcase classname="backend.tests.test_lightspeed_categories_iter16" name="test_configure_lightspeed_settings" time="0.586" /><testcase classname="backend.tests.test_lightspeed_categories_iter16" name="test_lightspeed_category_id_column_is_text" time="0.039" /><testcase classname="backend.tests.test_lightspeed_categories_iter16" name="test_get_lightspeed_categories_returns_hierarchy_fields" time="0.543" /><testcase classname="backend.tests.test_lightspeed_categories_iter16" name="test_create_mapping_with_lightspeed_uuid" time="0.144" /><testcase classname="backend.tests.test_lightspeed_categories_iter16" name="test_get_mapping_returns_uuid_string" time="0.028" /><testcase classname="backend.tests.test_lightspeed_categories_iter16" name="test_preprocessing_products_valid_with_lightspeed_mapping" time="0.081" /><testcase classname="backend.tests.test_lightspeed_categories_iter16" name="test_preprocessing_summary_counts_lightspeed_mapped" time="0.032" /><testcase classname="backend.tests.test_lightspeed_categories_iter16" name="test_zzz_cleanup_mapping" time="0.141" /></testsuite></testsuites>