<?xml version="1.0" encoding="utf-8"?><testsuites name="pytest tests"><testsuite name="pytest" errors="0" failures="0" skipped="0" tests="7" time="6.825" timestamp="2026-08-08T16:34:30.473773+00:00" hostname="agent-env-ec5df67e-2fd1-4a22-9fd2-b0efabcca2d4"><testcase classname="backend.tests.test_preprocessing_sync" name="test_save_lightspeed_settings" time="0.439" /><testcase classname="backend.tests.test_preprocessing_sync" name="test_lightspeed_test_connection" time="2.112" /><testcase classname="backend.tests.test_preprocessing_sync" name="test_sync_to_lightspeed_endpoint_exists_and_structure" time="2.006" /><testcase classname="backend.tests.test_preprocessing_sync" name="test_sync_to_lightspeed_no_products_specified" time="2.016" /><testcase classname="backend.tests.test_preprocessing_sync" name="test_sync_to_odoo_endpoint_regression" time="0.111" /><testcase classname="backend.tests.test_preprocessing_sync" name="test_lightspeed_service_supplier_and_pricing" time="0.001" /><testcase classname="backend.tests.test_preprocessing_sync" name="test_preprocessing_products_returns_lightspeed_mapping_field" time="0.086" /></testsuite></testsuites>