<?xml version="1.0" encoding="utf-8"?><testsuites name="pytest tests"><testsuite name="pytest" errors="0" failures="0" skipped="0" tests="6" time="9.106" timestamp="2026-08-07T21:10:14.265510+00:00" hostname="agent-env-ec5df67e-2fd1-4a22-9fd2-b0efabcca2d4"><testcase classname="backend.tests.test_supplier_iter15.TestSupplierCRUD" name="test_create_and_list_contains_it" time="0.555" /><testcase classname="backend.tests.test_supplier_iter15.TestSupplierCRUD" name="test_get_by_id" time="0.102" /><testcase classname="backend.tests.test_supplier_iter15.TestSupplierCRUD" name="test_update_supplier" time="0.196" /><testcase classname="backend.tests.test_supplier_iter15.TestSupplierCRUD" name="test_delete_supplier" time="0.264" /><testcase classname="backend.tests.test_supplier_iter15.TestLightspeedRegression" name="test_save_and_test_connection" time="7.192" /><testcase classname="backend.tests.test_supplier_iter15.TestLightspeedRegression" name="test_categories" time="0.747" /></testsuite></testsuites>