<?xml version="1.0" encoding="utf-8"?><testsuites name="pytest tests"><testsuite name="pytest" errors="0" failures="1" skipped="0" tests="21" time="57.054" timestamp="2026-03-09T13:11:10.894776+00:00" hostname="agent-env-22ff046e-28a7-4b0d-9834-b9107c4699ac"><testcase classname="backend.tests.test_iteration5.TestAuthentication" name="test_health_check" time="0.607" /><testcase classname="backend.tests.test_iteration5.TestAuthentication" name="test_login_admin" time="0.820" /><testcase classname="backend.tests.test_iteration5.TestAuthentication" name="test_login_invalid_credentials" time="0.433" /><testcase classname="backend.tests.test_iteration5.TestDashboard" name="test_dashboard_stats" time="1.125" /><testcase classname="backend.tests.test_iteration5.TestSuppliers" name="test_list_suppliers" time="0.435" /><testcase classname="backend.tests.test_iteration5.TestSuppliers" name="test_atc_supplier_exists" time="0.433"><failure message="AssertionError: assert None == 'atc'&#10; +  where None = &lt;built-in method get of dict object at 0xf8b6167f9f00&gt;('endpoint_style')&#10; +    where &lt;built-in method get of dict object at 0xf8b6167f9f00&gt; = {'account_number': '37887', 'api_base_url': 'https://edi.atc-apparel.com', 'created_at': '2026-03-08T20:23:05.174439', 'endpoint_style': None, ...}.get">backend/tests/test_iteration5.py:121: in test_atc_supplier_exists
    assert atc.get('endpoint_style') == 'atc'
E   AssertionError: assert None == 'atc'
E    +  where None = &lt;built-in method get of dict object at 0xf8b6167f9f00&gt;('endpoint_style')
E    +    where &lt;built-in method get of dict object at 0xf8b6167f9f00&gt; = {'account_number': '37887', 'api_base_url': 'https://edi.atc-apparel.com', 'created_at': '2026-03-08T20:23:05.174439', 'endpoint_style': None, ...}.get</failure></testcase><testcase classname="backend.tests.test_iteration5.TestSuppliers" name="test_sanmar_supplier_exists" time="0.453" /><testcase classname="backend.tests.test_iteration5.TestSupplierConnection" name="test_atc_connection" time="17.231" /><testcase classname="backend.tests.test_iteration5.TestSupplierConnection" name="test_sanmar_connection" time="17.424" /><testcase classname="backend.tests.test_iteration5.TestProducts" name="test_list_products" time="0.486" /><testcase classname="backend.tests.test_iteration5.TestProducts" name="test_get_product_detail" time="1.007" /><testcase classname="backend.tests.test_iteration5.TestProducts" name="test_get_categories" time="0.435" /><testcase classname="backend.tests.test_iteration5.TestProducts" name="test_get_brands" time="0.410" /><testcase classname="backend.tests.test_iteration5.TestProducts" name="test_product_search" time="0.499" /><testcase classname="backend.tests.test_iteration5.TestProducts" name="test_product_pagination" time="0.853" /><testcase classname="backend.tests.test_iteration5.TestProductSync" name="test_sync_product_inventory" time="5.468" /><testcase classname="backend.tests.test_iteration5.TestProductSync" name="test_sync_product_pricing" time="5.684" /><testcase classname="backend.tests.test_iteration5.TestProductSync" name="test_sync_product_media" time="1.600" /><testcase classname="backend.tests.test_iteration5.TestSettings" name="test_get_settings" time="0.498" /><testcase classname="backend.tests.test_iteration5.TestSettings" name="test_get_warehouses" time="0.435" /><testcase classname="backend.tests.test_iteration5.TestSyncLogs" name="test_get_sync_logs" time="0.420" /></testsuite></testsuites>