<?xml version="1.0" encoding="utf-8"?><testsuites name="pytest tests"><testsuite name="pytest" errors="0" failures="0" skipped="0" tests="10" time="4.140" timestamp="2026-07-24T21:01:10.616806+00:00" hostname="agent-env-93fb64a9-c80f-4d72-83cc-70f6074537b0"><testcase classname="backend.tests.test_supplier_crud_iteration12.TestHealthAndPostgreSQL" name="test_health_endpoint" time="0.217" /><testcase classname="backend.tests.test_supplier_crud_iteration12.TestSupplierCRUD" name="test_create_supplier_basic" time="0.587" /><testcase classname="backend.tests.test_supplier_crud_iteration12.TestSupplierCRUD" name="test_create_supplier_with_all_fields" time="0.797" /><testcase classname="backend.tests.test_supplier_crud_iteration12.TestSupplierCRUD" name="test_list_suppliers" time="0.374" /><testcase classname="backend.tests.test_supplier_crud_iteration12.TestSupplierCRUD" name="test_update_supplier" time="0.672" /><testcase classname="backend.tests.test_supplier_crud_iteration12.TestSupplierCRUD" name="test_delete_supplier" time="0.536" /><testcase classname="backend.tests.test_supplier_crud_iteration12.TestSupplierCRUD" name="test_get_nonexistent_supplier_returns_404" time="0.379" /><testcase classname="backend.tests.test_supplier_crud_iteration12.TestSupplierCRUD" name="test_delete_nonexistent_supplier_returns_404" time="0.374" /><testcase classname="backend.tests.test_supplier_crud_iteration12.TestSupplierWithoutAuth" name="test_create_supplier_without_auth_returns_401" time="0.070" /><testcase classname="backend.tests.test_supplier_crud_iteration12.TestSupplierWithoutAuth" name="test_list_suppliers_without_auth_returns_401" time="0.072" /></testsuite></testsuites>