<?xml version="1.0" encoding="utf-8"?><testsuites name="pytest tests"><testsuite name="pytest" errors="0" failures="0" skipped="0" tests="6" time="3.732" timestamp="2026-08-07T20:23:15.537216+00:00" hostname="agent-env-ec5df67e-2fd1-4a22-9fd2-b0efabcca2d4"><testcase classname="backend.tests.test_lightspeed_live_iteration14" name="test_api_version_is_2026_07" time="0.584" /><testcase classname="backend.tests.test_lightspeed_live_iteration14" name="test_settings_persisted" time="0.092" /><testcase classname="backend.tests.test_lightspeed_live_iteration14" name="test_lightspeed_test_connection_live" time="2.233" /><testcase classname="backend.tests.test_lightspeed_live_iteration14" name="test_lightspeed_categories_live" time="0.609" /><testcase classname="backend.tests.test_lightspeed_live_iteration14" name="test_lightspeed_oauth_authorize_returns_valid_url" time="0.078" /><testcase classname="backend.tests.test_lightspeed_live_iteration14" name="test_lightspeed_oauth_disconnect" time="0.079" /></testsuite></testsuites>