<?xml version="1.0" encoding="utf-8"?><testsuites name="pytest tests"><testsuite name="pytest" errors="0" failures="0" skipped="0" tests="16" time="9.873" timestamp="2026-03-09T17:57:40.364310+00:00" hostname="agent-env-44189a8d-bb01-4954-ab4b-9116330c9aa5"><testcase classname="tests.test_backend_api_iteration6.TestHealthCheck" name="test_health_endpoint_returns_200" time="0.600" /><testcase classname="tests.test_backend_api_iteration6.TestAuthentication" name="test_admin_login_success" time="0.687" /><testcase classname="tests.test_backend_api_iteration6.TestAuthentication" name="test_login_invalid_credentials" time="0.538" /><testcase classname="tests.test_backend_api_iteration6.TestSupplierCRUD" name="test_get_suppliers_list" time="1.045" /><testcase classname="tests.test_backend_api_iteration6.TestSupplierCRUD" name="test_create_supplier" time="0.418" /><testcase classname="tests.test_backend_api_iteration6.TestSupplierCRUD" name="test_get_supplier_by_id" time="0.814" /><testcase classname="tests.test_backend_api_iteration6.TestDashboardStats" name="test_dashboard_stats_returns_correct_format" time="0.418" /><testcase classname="tests.test_backend_api_iteration6.TestProductsEndpoint" name="test_products_list_returns_paginated_data" time="0.410" /><testcase classname="tests.test_backend_api_iteration6.TestProductsEndpoint" name="test_products_pagination_works" time="0.412" /><testcase classname="tests.test_backend_api_iteration6.TestSettingsEndpoint" name="test_get_settings_returns_correct_structure" time="0.440" /><testcase classname="tests.test_backend_api_iteration6.TestMediaProxyEndpoint" name="test_media_proxy_exists" time="0.443" /><testcase classname="tests.test_backend_api_iteration6.TestMediaProxyEndpoint" name="test_media_proxy_validates_domain" time="0.392" /><testcase classname="tests.test_backend_api_iteration6.TestMediaProxyEndpoint" name="test_media_proxy_allows_valid_domains" time="1.506" /><testcase classname="tests.test_backend_api_iteration6.TestSyncLogsEndpoint" name="test_get_sync_logs_returns_correct_structure" time="0.422" /><testcase classname="tests.test_backend_api_iteration6.TestSyncLogsEndpoint" name="test_sync_logs_filter_by_type" time="0.425" /><testcase classname="tests.test_backend_api_iteration6.TestCleanup" name="test_cleanup_test_suppliers" time="0.820" /></testsuite></testsuites>