<?xml version="1.0" encoding="utf-8"?><testsuites name="pytest tests"><testsuite name="pytest" errors="0" failures="1" skipped="0" tests="14" time="4.425" timestamp="2026-07-24T18:00:41.417229+00:00" hostname="agent-env-93fb64a9-c80f-4d72-83cc-70f6074537b0"><testcase classname="backend.tests.test_lightspeed_ecwid_integration.TestLightspeedEcwidIntegration" name="test_get_settings_returns_new_lightspeed_fields" time="0.440" /><testcase classname="backend.tests.test_lightspeed_ecwid_integration.TestLightspeedEcwidIntegration" name="test_get_settings_does_not_return_old_lightspeed_fields" time="0.381"><failure message="AssertionError: Old field 'lightspeed_api_key' should not be in API response&#10;assert 'lightspeed_api_key' not in {'auto_push_to_odoo': False, 'auto_sync_enabled': False, 'created_at': '2026-07-24T17:15:30.048413', 'default_warehouse': 'Main Warehouse', ...}">backend/tests/test_lightspeed_ecwid_integration.py:63: in test_get_settings_does_not_return_old_lightspeed_fields
    assert field not in data, f"Old field '{field}' should not be in API response"
E   AssertionError: Old field 'lightspeed_api_key' should not be in API response
E   assert 'lightspeed_api_key' not in {'auto_push_to_odoo': False, 'auto_sync_enabled': False, 'created_at': '2026-07-24T17:15:30.048413', 'default_warehouse': 'Main Warehouse', ...}</failure></testcase><testcase classname="backend.tests.test_lightspeed_ecwid_integration.TestLightspeedEcwidIntegration" name="test_save_lightspeed_store_id" time="0.421" /><testcase classname="backend.tests.test_lightspeed_ecwid_integration.TestLightspeedEcwidIntegration" name="test_save_lightspeed_secret_token" time="0.417" /><testcase classname="backend.tests.test_lightspeed_ecwid_integration.TestLightspeedEcwidIntegration" name="test_save_both_lightspeed_credentials" time="0.420" /><testcase classname="backend.tests.test_lightspeed_ecwid_integration.TestLightspeedEcwidIntegration" name="test_masked_token_not_overwritten" time="0.465" /><testcase classname="backend.tests.test_lightspeed_ecwid_integration.TestLightspeedEcwidIntegration" name="test_lightspeed_test_connection_no_credentials" time="0.435" /><testcase classname="backend.tests.test_lightspeed_ecwid_integration.TestLightspeedEcwidIntegration" name="test_lightspeed_test_connection_invalid_credentials" time="0.567" /><testcase classname="backend.tests.test_lightspeed_ecwid_integration.TestLightspeedEcwidIntegration" name="test_get_lightspeed_categories_mock_mode" time="0.449" /><testcase classname="backend.tests.test_lightspeed_ecwid_integration.TestLightspeedEcwidIntegration" name="test_cleanup_test_data" time="0.342" /><testcase classname="backend.tests.test_lightspeed_ecwid_integration.TestLightspeedServiceUnit" name="test_service_mock_mode_no_credentials" time="0.001" /><testcase classname="backend.tests.test_lightspeed_ecwid_integration.TestLightspeedServiceUnit" name="test_service_not_mock_mode_with_credentials" time="0.000" /><testcase classname="backend.tests.test_lightspeed_ecwid_integration.TestLightspeedServiceUnit" name="test_service_url_construction" time="0.000" /><testcase classname="backend.tests.test_lightspeed_ecwid_integration.TestLightspeedServiceUnit" name="test_service_headers" time="0.000" /></testsuite></testsuites>