<?xml version="1.0" encoding="utf-8"?><testsuites name="pytest tests"><testsuite name="pytest" errors="0" failures="0" skipped="0" tests="10" time="15.138" timestamp="2026-03-27T02:01:38.642549+00:00" hostname="agent-env-93fb64a9-c80f-4d72-83cc-70f6074537b0"><testcase classname="backend.tests.test_scheduler_and_settings.TestSchedulerAndSettings" name="test_01_scheduler_status_endpoint" time="1.035" /><testcase classname="backend.tests.test_scheduler_and_settings.TestSchedulerAndSettings" name="test_02_enable_auto_sync_creates_jobs" time="2.144" /><testcase classname="backend.tests.test_scheduler_and_settings.TestSchedulerAndSettings" name="test_03_disable_auto_sync_removes_jobs" time="1.741" /><testcase classname="backend.tests.test_scheduler_and_settings.TestSchedulerAndSettings" name="test_04_reschedule_endpoint" time="1.367" /><testcase classname="backend.tests.test_scheduler_and_settings.TestSchedulerAndSettings" name="test_05_auto_push_to_odoo_setting" time="2.106" /><testcase classname="backend.tests.test_scheduler_and_settings.TestSchedulerAndSettings" name="test_06_dashboard_stats" time="1.007" /><testcase classname="backend.tests.test_scheduler_and_settings.TestSchedulerAndSettings" name="test_07_get_users" time="1.027" /><testcase classname="backend.tests.test_scheduler_and_settings.TestSchedulerAndSettings" name="test_08_create_user" time="1.929" /><testcase classname="backend.tests.test_scheduler_and_settings.TestSchedulerAndSettings" name="test_09_settings_sync_intervals" time="1.730" /><testcase classname="backend.tests.test_scheduler_and_settings.TestSchedulerAndSettings" name="test_10_cleanup" time="0.999" /></testsuite></testsuites>