<?xml version="1.0" encoding="utf-8"?><testsuites name="pytest tests"><testsuite name="pytest" errors="0" failures="0" skipped="0" tests="12" time="4.793" timestamp="2026-07-24T17:24:41.035997+00:00" hostname="agent-env-93fb64a9-c80f-4d72-83cc-70f6074537b0"><testcase classname="tests.test_lightspeed_integration.TestLightspeedIntegration" name="test_settings_contains_lightspeed_fields" time="0.409" /><testcase classname="tests.test_lightspeed_integration.TestLightspeedIntegration" name="test_save_lightspeed_settings" time="0.522" /><testcase classname="tests.test_lightspeed_integration.TestLightspeedIntegration" name="test_lightspeed_connection_test_mock_mode" time="0.466" /><testcase classname="tests.test_lightspeed_integration.TestLightspeedIntegration" name="test_get_lightspeed_categories_mock_mode" time="0.378" /><testcase classname="tests.test_lightspeed_integration.TestLightspeedIntegration" name="test_dashboard_stats_includes_lightspeed_count" time="0.321" /><testcase classname="tests.test_lightspeed_integration.TestLightspeedIntegration" name="test_product_lightspeed_selection_endpoint_exists" time="0.382" /><testcase classname="tests.test_lightspeed_integration.TestLightspeedIntegration" name="test_bulk_select_lightspeed_endpoint_exists" time="0.380" /><testcase classname="tests.test_lightspeed_integration.TestLightspeedIntegration" name="test_lightspeed_sync_endpoint_exists" time="0.332" /><testcase classname="tests.test_lightspeed_integration.TestLightspeedIntegration" name="test_sync_logs_filter_includes_lightspeed_push" time="0.378" /><testcase classname="tests.test_lightspeed_integration.TestLightspeedIntegration" name="test_category_mapping_supports_lightspeed" time="0.447" /><testcase classname="tests.test_lightspeed_integration.TestSupplierAndProductSetup" name="test_create_supplier_for_testing" time="0.328" /><testcase classname="tests.test_lightspeed_integration.TestLightspeedServiceMock" name="test_lightspeed_service_mock_mode_message" time="0.400" /></testsuite></testsuites>