<?xml version="1.0" encoding="utf-8"?><testsuites name="pytest tests"><testsuite name="pytest" errors="0" failures="0" skipped="0" tests="23" time="81.044" timestamp="2026-03-08T22:27:58.597607+00:00" hostname="agent-env-75f2840e-0eb7-4625-85a5-0e32a52af6f4"><testcase classname="backend.tests.test_supplier_crud.TestSupplierListAndGet" name="test_list_suppliers_returns_200" time="0.612" /><testcase classname="backend.tests.test_supplier_crud.TestSupplierListAndGet" name="test_list_suppliers_masks_passwords" time="0.431" /><testcase classname="backend.tests.test_supplier_crud.TestSupplierListAndGet" name="test_get_atc_supplier_by_id" time="0.421" /><testcase classname="backend.tests.test_supplier_crud.TestSupplierListAndGet" name="test_get_ss_supplier_by_id" time="0.424" /><testcase classname="backend.tests.test_supplier_crud.TestSupplierListAndGet" name="test_get_nonexistent_supplier_returns_404" time="0.513" /><testcase classname="backend.tests.test_supplier_crud.TestSupplierCreate" name="test_create_supplier_minimal" time="0.830" /><testcase classname="backend.tests.test_supplier_crud.TestSupplierCreate" name="test_create_supplier_with_auto_endpoint_discovery" time="1.153" /><testcase classname="backend.tests.test_supplier_crud.TestSupplierCreate" name="test_create_supplier_with_atc_style" time="0.838" /><testcase classname="backend.tests.test_supplier_crud.TestSupplierUpdate" name="test_update_supplier_name" time="1.706" /><testcase classname="backend.tests.test_supplier_crud.TestSupplierUpdate" name="test_update_supplier_endpoint_style" time="1.233" /><testcase classname="backend.tests.test_supplier_crud.TestSupplierUpdate" name="test_update_nonexistent_supplier_returns_404" time="0.412" /><testcase classname="backend.tests.test_supplier_crud.TestSupplierDelete" name="test_delete_supplier" time="1.205" /><testcase classname="backend.tests.test_supplier_crud.TestSupplierDelete" name="test_delete_nonexistent_supplier_returns_404" time="0.396" /><testcase classname="backend.tests.test_supplier_crud.TestTestConnection" name="test_connection_atc_supplier_success" time="16.587" /><testcase classname="backend.tests.test_supplier_crud.TestTestConnection" name="test_connection_ss_supplier_blocked" time="0.572" /><testcase classname="backend.tests.test_supplier_crud.TestTestConnection" name="test_connection_nonexistent_supplier_returns_404" time="0.414" /><testcase classname="backend.tests.test_supplier_crud.TestProductSync" name="test_product_sync_trigger" time="0.414" /><testcase classname="backend.tests.test_supplier_crud.TestProductSync" name="test_product_sync_nonexistent_supplier" time="17.007" /><testcase classname="backend.tests.test_supplier_crud.TestProducts" name="test_list_products" time="6.665" /><testcase classname="backend.tests.test_supplier_crud.TestProducts" name="test_list_products_with_thumbnails" time="5.096" /><testcase classname="backend.tests.test_supplier_crud.TestProducts" name="test_filter_products_by_supplier" time="18.892" /><testcase classname="backend.tests.test_supplier_crud.TestProducts" name="test_get_categories" time="4.593" /><testcase classname="backend.tests.test_supplier_crud.TestProducts" name="test_get_brands" time="0.510" /></testsuite></testsuites>