<?xml version="1.0" encoding="utf-8"?><testsuites name="pytest tests"><testsuite name="pytest" errors="0" failures="0" skipped="0" tests="21" time="7.576" timestamp="2026-07-24T19:56:06.583595+00:00" hostname="agent-env-93fb64a9-c80f-4d72-83cc-70f6074537b0"><testcase classname="tests.test_api_iteration11.TestHealth" name="test_health_endpoint" time="0.267" /><testcase classname="tests.test_api_iteration11.TestAuth" name="test_login_success" time="0.461" /><testcase classname="tests.test_api_iteration11.TestAuth" name="test_login_invalid_credentials" time="0.116" /><testcase classname="tests.test_api_iteration11.TestAuth" name="test_get_users_requires_auth" time="0.086" /><testcase classname="tests.test_api_iteration11.TestAuth" name="test_get_users_with_auth" time="0.395" /><testcase classname="tests.test_api_iteration11.TestSettings" name="test_get_settings" time="0.407" /><testcase classname="tests.test_api_iteration11.TestSettings" name="test_settings_masks_secret_token" time="0.481" /><testcase classname="tests.test_api_iteration11.TestSettings" name="test_update_lightspeed_settings" time="0.470" /><testcase classname="tests.test_api_iteration11.TestSettings" name="test_masked_token_not_overwritten" time="0.601" /><testcase classname="tests.test_api_iteration11.TestDashboard" name="test_dashboard_stats" time="0.439" /><testcase classname="tests.test_api_iteration11.TestProducts" name="test_get_products_paginated" time="0.385" /><testcase classname="tests.test_api_iteration11.TestSuppliers" name="test_get_suppliers" time="0.374" /><testcase classname="tests.test_api_iteration11.TestSuppliers" name="test_create_supplier" time="0.470" /><testcase classname="tests.test_api_iteration11.TestSyncLogs" name="test_get_sync_logs" time="0.406" /><testcase classname="tests.test_api_iteration11.TestSyncLogs" name="test_get_sync_log_detail_not_found" time="0.383" /><testcase classname="tests.test_api_iteration11.TestCategoryMappings" name="test_get_category_mappings" time="0.403" /><testcase classname="tests.test_api_iteration11.TestLightspeed" name="test_lightspeed_test_connection_mock_mode" time="0.529" /><testcase classname="tests.test_api_iteration11.TestPreprocessing" name="test_get_preprocessing_products" time="0.400" /><testcase classname="tests.test_api_iteration11.TestPreprocessing" name="test_get_preprocessing_summary" time="0.416" /><testcase classname="tests.test_api_iteration11.TestLightspeedServiceURLPattern" name="test_lightspeed_service_base_url" time="0.001" /><testcase classname="tests.test_api_iteration11.TestLightspeedServiceURLPattern" name="test_lightspeed_service_mock_mode" time="0.000" /></testsuite></testsuites>