<?xml version="1.0" encoding="utf-8"?><testsuites name="pytest tests"><testsuite name="pytest" errors="0" failures="0" skipped="0" tests="15" time="44.255" timestamp="2026-03-09T12:11:40.524556+00:00" hostname="agent-env-22ff046e-28a7-4b0d-9834-b9107c4699ac"><testcase classname="tests.test_product_search_sync.TestProductSync" name="test_sync_product_pricing" time="1.512" /><testcase classname="tests.test_product_search_sync.TestProductSync" name="test_sync_product_inventory" time="5.433" /><testcase classname="tests.test_product_search_sync.TestProductSync" name="test_sync_product_media" time="1.504" /><testcase classname="tests.test_product_search_sync.TestProductSync" name="test_sync_product_not_found" time="1.615" /><testcase classname="tests.test_product_search_sync.TestBulkSync" name="test_bulk_sync_pricing" time="10.992" /><testcase classname="tests.test_product_search_sync.TestBulkSync" name="test_bulk_sync_inventory" time="15.688" /><testcase classname="tests.test_product_search_sync.TestBulkSync" name="test_bulk_sync_media" time="2.482" /><testcase classname="tests.test_product_search_sync.TestBulkSync" name="test_bulk_sync_invalid_type" time="0.848" /><testcase classname="tests.test_product_search_sync.TestProductSearch" name="test_search_products_by_supplier" time="0.851" /><testcase classname="tests.test_product_search_sync.TestProductSearch" name="test_search_products_no_supplier" time="0.461" /><testcase classname="tests.test_product_search_sync.TestProductsPageFilters" name="test_get_categories" time="0.430" /><testcase classname="tests.test_product_search_sync.TestProductsPageFilters" name="test_get_brands" time="0.456" /><testcase classname="tests.test_product_search_sync.TestProductsPageFilters" name="test_pagination" time="0.820" /><testcase classname="tests.test_product_search_sync.TestAuthentication" name="test_login_admin" time="0.669" /><testcase classname="tests.test_product_search_sync.TestAuthentication" name="test_login_invalid_credentials" time="0.425" /></testsuite></testsuites>