<?xml version="1.0" encoding="utf-8"?><testsuites name="pytest tests"><testsuite name="pytest" errors="0" failures="0" skipped="0" tests="10" time="1.735" timestamp="2026-07-28T16:14:25.320543+00:00" hostname="agent-env-ec5df67e-2fd1-4a22-9fd2-b0efabcca2d4"><testcase classname="backend.tests.test_lightspeed_oauth_iteration13.TestLightspeedSettings" name="test_get_settings" time="0.653" /><testcase classname="backend.tests.test_lightspeed_oauth_iteration13.TestLightspeedSettings" name="test_save_lightspeed_oauth_settings" time="0.165" /><testcase classname="backend.tests.test_lightspeed_oauth_iteration13.TestOAuthAuthorize" name="test_authorize_url_generated" time="0.075" /><testcase classname="backend.tests.test_lightspeed_oauth_iteration13.TestOAuthAuthorize" name="test_authorize_fails_without_client_id" time="0.250" /><testcase classname="backend.tests.test_lightspeed_oauth_iteration13.TestConnectionEndpoint" name="test_test_connection_no_oauth" time="0.118" /><testcase classname="backend.tests.test_lightspeed_oauth_iteration13.TestOAuthDisconnect" name="test_disconnect_clears_tokens" time="0.110" /><testcase classname="backend.tests.test_lightspeed_oauth_iteration13.TestOtherSettings" name="test_save_odoo" time="0.035" /><testcase classname="backend.tests.test_lightspeed_oauth_iteration13.TestOtherSettings" name="test_save_sync_schedule" time="0.118" /><testcase classname="backend.tests.test_lightspeed_oauth_iteration13.TestOtherSettings" name="test_save_warehouse_and_markup" time="0.146" /><testcase classname="backend.tests.test_lightspeed_oauth_iteration13.TestApiVersion" name="test_api_version_2026_01" time="0.001" /></testsuite></testsuites>