<?xml version="1.0" encoding="utf-8"?><testsuites name="pytest tests"><testsuite name="pytest" errors="0" failures="0" skipped="0" tests="19" time="3.308" timestamp="2026-07-24T18:33:19.281183+00:00" hostname="agent-env-93fb64a9-c80f-4d72-83cc-70f6074537b0"><testcase classname="tests.test_lightspeed_xseries_integration.TestAuth" name="test_login_success" time="0.326" /><testcase classname="tests.test_lightspeed_xseries_integration.TestLightspeedXSeriesSettings" name="test_get_settings_returns_lightspeed_store_id" time="0.398" /><testcase classname="tests.test_lightspeed_xseries_integration.TestLightspeedXSeriesSettings" name="test_get_settings_returns_lightspeed_secret_token_masked" time="0.115" /><testcase classname="tests.test_lightspeed_xseries_integration.TestLightspeedXSeriesSettings" name="test_save_domain_prefix" time="0.229" /><testcase classname="tests.test_lightspeed_xseries_integration.TestLightspeedXSeriesSettings" name="test_save_personal_token" time="0.262" /><testcase classname="tests.test_lightspeed_xseries_integration.TestLightspeedXSeriesSettings" name="test_masked_token_not_overwritten" time="0.358" /><testcase classname="tests.test_lightspeed_xseries_integration.TestLightspeedXSeriesConnection" name="test_connection_mock_mode_no_credentials" time="0.495" /><testcase classname="tests.test_lightspeed_xseries_integration.TestLightspeedXSeriesConnection" name="test_connection_invalid_credentials_not_400" time="0.579" /><testcase classname="tests.test_lightspeed_xseries_integration.TestLightspeedXSeriesCategories" name="test_categories_mock_mode" time="0.492" /><testcase classname="tests.test_lightspeed_xseries_integration.TestLightspeedServiceXSeriesAPI" name="test_service_base_url_uses_xseries" time="0.001" /><testcase classname="tests.test_lightspeed_xseries_integration.TestLightspeedServiceXSeriesAPI" name="test_service_uses_bearer_auth" time="0.000" /><testcase classname="tests.test_lightspeed_xseries_integration.TestLightspeedServiceXSeriesAPI" name="test_service_mock_mode_without_credentials" time="0.000" /><testcase classname="tests.test_lightspeed_xseries_integration.TestLightspeedServiceXSeriesAPI" name="test_service_not_mock_mode_with_credentials" time="0.000" /><testcase classname="tests.test_lightspeed_xseries_integration.TestLightspeedServiceXSeriesAPI" name="test_service_products_endpoint" time="0.000" /><testcase classname="tests.test_lightspeed_xseries_integration.TestLightspeedServiceXSeriesAPI" name="test_service_categories_endpoint" time="0.000" /><testcase classname="tests.test_lightspeed_xseries_integration.TestLightspeedServiceXSeriesAPI" name="test_service_image_upload_endpoint" time="0.000" /><testcase classname="tests.test_lightspeed_xseries_integration.TestNoEcwidReferences" name="test_lightspeed_service_no_ecwid" time="0.000" /><testcase classname="tests.test_lightspeed_xseries_integration.TestNoEcwidReferences" name="test_server_no_ecwid" time="0.001" /><testcase classname="tests.test_lightspeed_xseries_integration.TestProductPayloadXSeries" name="test_product_payload_fields" time="0.000" /></testsuite></testsuites>